<?xml version="1.0" encoding="UTF-8"?>
<!-- Generated by org.testng.reporters.JUnitReportReporter -->
<testsuite hostname="DM-LT04" failures="0" tests="1" name="org.sample.RestfulBooker.CreateBooking" time="4.059" errors="0" timestamp="2024-10-07T22:58:29 EDT" skipped="0">
  <testcase classname="org.sample.RestfulBooker.CreateBooking" name="getBooking" time="4.059"/>
</testsuite> <!-- org.sample.RestfulBooker.CreateBooking -->
