<?xml version="1.0" encoding="UTF-8"?>
<!-- Generated by org.testng.reporters.JUnitReportReporter -->
<testsuite hostname="DM-LT04" failures="0" tests="1" name="org.sample.RestfulBooker.DeleteBooking" time="5.306" errors="0" timestamp="2024-10-08T02:46:42 EDT" skipped="0">
  <testcase classname="org.sample.RestfulBooker.DeleteBooking" name="Deletebook" time="5.306"/>
</testsuite> <!-- org.sample.RestfulBooker.DeleteBooking -->
