<?xml version="1.0" encoding="UTF-8"?>
<!-- Generated by org.testng.reporters.JUnitReportReporter -->
<testsuite hostname="DM-LT04" failures="0" tests="1" name="org.sample.RestfulBooker.UpdateBooking" time="4.035" errors="0" timestamp="2024-10-08T02:30:11 EDT" skipped="0">
  <testcase classname="org.sample.RestfulBooker.UpdateBooking" name="partialupdateBooking" time="4.035"/>
</testsuite> <!-- org.sample.RestfulBooker.UpdateBooking -->
